<?xml version="1.0" encoding="UTF-8"?>
<!-- Generated by org.testng.reporters.JUnitReportReporter -->
<testsuite hostname="LAPTOP-CUFQDMPR" failures="0" tests="18" name="TestCases.GithubRepo" time="17.775" errors="0" timestamp="2023-06-25T13:27:19 IST" skipped="0">
  <testcase classname="TestCases.GithubRepo" name="CreateaRepositoryfortheAuthenticatedUser" time="7.318"/>
  <system-out/>
  <testcase classname="TestCases.GithubRepo" name="UpdateaRepository" time="0.750"/>
  <system-out/>
  <testcase classname="TestCases.GithubRepo" name="GetaRepository" time="0.503"/>
  <system-out/>
  <testcase classname="TestCases.GithubRepo" name="CreateOrUpdateFileContents" time="0.802"/>
  <system-out/>
  <testcase classname="TestCases.GithubRepo" name="CreateaFork" time="1.316"/>
  <system-out/>
  <testcase classname="TestCases.GithubRepo" name="ListForks" time="0.424"/>
  <system-out/>
  <testcase classname="TestCases.GithubRepo" name="ListRepositoriesForaUser" time="1.081"/>
  <system-out/>
  <testcase classname="TestCases.GithubRepo" name="ListRepositoryLanguages" time="0.440"/>
  <system-out/>
  <testcase classname="TestCases.GithubRepo" name="ListPublicRepositories" time="0.740"/>
  <system-out/>
  <testcase classname="TestCases.GithubRepo" name="DeleteaFile" time="0.557"/>
  <system-out/>
  <testcase classname="TestCases.GithubRepo" name="ListRepositoryTags" time="0.399"/>
  <system-out/>
  <testcase classname="TestCases.GithubRepo" name="CreateAnAutolinkReferenceforaRepository" time="0.443"/>
  <system-out/>
  <testcase classname="TestCases.GithubRepo" name="ReplaceAllRepositoryTopics" time="0.729"/>
  <system-out/>
  <testcase classname="TestCases.GithubRepo" name="GetAllRepositoryTopics" time="0.436"/>
  <system-out/>
  <testcase classname="TestCases.GithubRepo" name="GetAnAutolinkReferenceofaRepository" time="0.469"/>
  <system-out/>
  <testcase classname="TestCases.GithubRepo" name="DeleteAnAutolinkReferenceFromaRepository" time="0.412"/>
  <system-out/>
  <testcase classname="TestCases.GithubRepo" name="GetaRepository2" time="0.402"/>
  <system-out/>
  <testcase classname="TestCases.GithubRepo" name="DeleteaRepository" time="0.554"/>
  <system-out/>
</testsuite> <!-- TestCases.GithubRepo -->
